<?xml version="1.0" encoding="UTF-8"?>
<!-- Generated by org.testng.reporters.JUnitXMLReporter -->
<testsuite ignored="0" hostname="DESKTOP-SD7Q9RA" failures="0" tests="2" name="Default test" time="34.936" errors="0" timestamp="2023-03-19T01:56:25 BDT">
  <testcase classname="com.crm.qa.tests.SuccessStatusTestforRateSection" name="TestindexLink" time="11.997"/>
  <testcase classname="com.crm.qa.tests.SuccessStatusTestforRateSection" name="TestAddFormRateLink" time="10.896"/>
</testsuite> <!-- Default test -->
