<?xml version="1.0" encoding="UTF-8"?>
<!-- Generated by org.testng.reporters.JUnitXMLReporter -->
<testsuite ignored="0" hostname="DESKTOP-U3JSRN1" failures="0" tests="2" name="Default test" time="28.521" errors="0" timestamp="2022-04-25T11:34:16 BDT">
  <testcase classname="com.admin.qa.tests.SuccessStatusTest" name="AffiliatorRequestLinkTest" time="8.403"/>
  <testcase classname="com.admin.qa.tests.SuccessStatusTest" name="ReferralWithdrawTnxLinkTest" time="9.027"/>
</testsuite> <!-- Default test -->
