<?xml version="1.0" encoding="UTF-8"?>
<testng-results ignored="0" total="1" passed="1" failed="0" skipped="0">
  <reporter-output>
  </reporter-output>
  <suite started-at="2023-08-31T17:46:31 BDT" name="Default suite" finished-at="2023-08-31T17:47:22 BDT" duration-ms="51274">
    <groups>
    </groups>
    <test started-at="2023-08-31T17:46:31 BDT" name="Default test" finished-at="2023-08-31T17:47:22 BDT" duration-ms="51274">
      <class name="com.functional.qa.test.FunctionalTestforUserPINSection">
        <test-method is-config="true" signature="setUp()[pri:0, instance:com.functional.qa.test.FunctionalTestforUserPINSection@429bffaa]" started-at="2023-08-31T17:46:31 BDT" name="setUp" finished-at="2023-08-31T17:46:41 BDT" duration-ms="9800" status="PASS">
          <reporter-output>
          </reporter-output>
        </test-method> <!-- setUp -->
        <test-method signature="TestOnlinePINActivationForm()[pri:1, instance:com.functional.qa.test.FunctionalTestforUserPINSection@429bffaa]" started-at="2023-08-31T17:46:41 BDT" name="TestOnlinePINActivationForm" finished-at="2023-08-31T17:47:22 BDT" duration-ms="41421" status="PASS">
          <reporter-output>
          </reporter-output>
        </test-method> <!-- TestOnlinePINActivationForm -->
      </class> <!-- com.functional.qa.test.FunctionalTestforUserPINSection -->
    </test> <!-- Default test -->
  </suite> <!-- Default suite -->
</testng-results>
