<?xml version="1.0" encoding="UTF-8"?>
<testng-results ignored="0" total="1" passed="1" failed="0" skipped="0">
  <reporter-output>
  </reporter-output>
  <suite started-at="2024-03-11T12:48:35 BDT" name="Default suite" finished-at="2024-03-11T12:49:11 BDT" duration-ms="36535">
    <groups>
    </groups>
    <test started-at="2024-03-11T12:48:35 BDT" name="Default test" finished-at="2024-03-11T12:49:11 BDT" duration-ms="36535">
      <class name="com.rate.test.AddNewratePlanDescriptionFieldTest">
        <test-method is-config="true" signature="setUp()[pri:0, instance:com.rate.test.AddNewratePlanDescriptionFieldTest@26e356f0]" started-at="2024-03-11T12:48:35 BDT" name="setUp" finished-at="2024-03-11T12:48:41 BDT" duration-ms="6536" status="PASS">
          <reporter-output>
          </reporter-output>
        </test-method> <!-- setUp -->
        <test-method signature="enter_the_below_minimum_allowed_length_of_characters_into_the_rate_name_field()[pri:4, instance:com.rate.test.AddNewratePlanDescriptionFieldTest@26e356f0]" started-at="2024-03-11T12:48:41 BDT" name="enter_the_below_minimum_allowed_length_of_characters_into_the_rate_name_field" finished-at="2024-03-11T12:49:11 BDT" duration-ms="29965" status="PASS">
          <reporter-output>
          </reporter-output>
        </test-method> <!-- enter_the_below_minimum_allowed_length_of_characters_into_the_rate_name_field -->
      </class> <!-- com.rate.test.AddNewratePlanDescriptionFieldTest -->
    </test> <!-- Default test -->
  </suite> <!-- Default suite -->
</testng-results>
